<?xml version="1.0" encoding="UTF-8"?>
<!-- Generated by org.testng.reporters.JUnitReportReporter -->
<testsuite skipped="0" hostname="DIN16004921" name="com.gcr.qa.testcases.CategariesProductTest" tests="1" failures="0" timestamp="25 Jul 2019 12:48:04 GMT" time="16.499" errors="0">
  <testcase name="verifyCategoryProductPageLable" time="16.499" classname="com.gcr.qa.testcases.CategariesProductTest"/>
</testsuite> <!-- com.gcr.qa.testcases.CategariesProductTest -->
